<?xml version="1.0" encoding="UTF-8"?>
<testng-results skipped="0" failed="0" ignored="5" total="6" passed="1">
  <reporter-output>
  </reporter-output>
  <suite name="Default suite" duration-ms="75376" started-at="2018-07-17T07:30:24Z" finished-at="2018-07-17T07:31:40Z">
    <groups>
    </groups>
    <test name="Default test" duration-ms="75376" started-at="2018-07-17T07:30:24Z" finished-at="2018-07-17T07:31:40Z">
      <class name="automatinglinks.Accesslinks">
        <test-method status="PASS" signature="beforeMethod()[pri:0, instance:automatinglinks.Accesslinks@6767c1fc]" name="beforeMethod" is-config="true" duration-ms="42649" started-at="2018-07-17T07:30:24Z" finished-at="2018-07-17T07:31:07Z">
          <reporter-output>
          </reporter-output>
        </test-method> <!-- beforeMethod -->
        <test-method status="PASS" signature="accesingimglinks()[pri:5, instance:automatinglinks.Accesslinks@6767c1fc]" name="accesingimglinks" duration-ms="32643" started-at="2018-07-17T07:31:07Z" finished-at="2018-07-17T07:31:39Z">
          <reporter-output>
          </reporter-output>
        </test-method> <!-- accesingimglinks -->
        <test-method status="PASS" signature="afterMethod()[pri:0, instance:automatinglinks.Accesslinks@6767c1fc]" name="afterMethod" is-config="true" duration-ms="0" started-at="2018-07-17T07:31:39Z" finished-at="2018-07-17T07:31:39Z">
          <reporter-output>
          </reporter-output>
        </test-method> <!-- afterMethod -->
      </class> <!-- automatinglinks.Accesslinks -->
    </test> <!-- Default test -->
  </suite> <!-- Default suite -->
</testng-results>
