<?xml version="1.0" encoding="UTF-8"?>
<!-- Generated by org.testng.reporters.JUnitXMLReporter -->
<testsuite hostname="jayahanu" ignored="2" name="Acceslinks" tests="1" failures="0" timestamp="12 Jul 2018 06:36:39 GMT" time="33.06" errors="0">
  <testcase name="casesensitive" time="17.156" classname="automatinglinks.Accesslinks"/>
  <testcase name="partialmatch" time="0.0" classname="automatinglinks.Accesslinks">
    <ignored/>
  </testcase> <!-- partialmatch -->
  <testcase name="Exactmatch" time="0.0" classname="automatinglinks.Accesslinks">
    <ignored/>
  </testcase> <!-- Exactmatch -->
</testsuite> <!-- Acceslinks -->
