<?xml version="1.0" encoding="UTF-8"?>
<!-- Generated by org.testng.reporters.JUnitXMLReporter -->
<testsuite hostname="jayahanu" ignored="5" name="Default test" tests="1" failures="0" timestamp="17 Jul 2018 07:31:40 GMT" time="75.376" errors="0">
  <testcase name="accesingimglinks" time="32.643" classname="automatinglinks.Accesslinks"/>
  <testcase name="outsideandinside" time="0.0" classname="automatinglinks.Accesslinks">
    <ignored/>
  </testcase> <!-- outsideandinside -->
  <testcase name="partialmatch" time="0.0" classname="automatinglinks.Accesslinks">
    <ignored/>
  </testcase> <!-- partialmatch -->
  <testcase name="alllinks" time="0.0" classname="automatinglinks.Accesslinks">
    <ignored/>
  </testcase> <!-- alllinks -->
  <testcase name="casesensitive" time="0.0" classname="automatinglinks.Accesslinks">
    <ignored/>
  </testcase> <!-- casesensitive -->
  <testcase name="Exactmatch" time="0.0" classname="automatinglinks.Accesslinks">
    <ignored/>
  </testcase> <!-- Exactmatch -->
</testsuite> <!-- Default test -->
